<?xml version="1.0" encoding="UTF-8"?>
<robot generator="Robot 3.1.2 (Python 3.7.3 on linux)" generated="20200207 15:25:15.895" rpa="true">
<suite id="s1" name="RoboTask" source="/home/tmjterho/Documents/Kurssit/roboproject/robotest2/RoboTask.robot">
<test id="s1-t1" name="Search For Hitler">
<kw name="Search Wikipedia" library="resource">
<arguments>
<arg>Hitler</arg>
</arguments>
<kw name="Open Browser">
<arguments>
<arg>${WIKIPEDIA}/wiki/${SEARCH}</arg>
<arg>${BROWSER}</arg>
</arguments>
<msg timestamp="20200207 15:25:15.916" level="FAIL">No keyword with name 'Open Browser' found.</msg>
<status status="FAIL" starttime="20200207 15:25:15.916" endtime="20200207 15:25:15.916"></status>
</kw>
<status status="FAIL" starttime="20200207 15:25:15.915" endtime="20200207 15:25:15.916"></status>
</kw>
<kw name="Close Browser" type="teardown">
<msg timestamp="20200207 15:25:15.917" level="FAIL">No keyword with name 'Close Browser' found.</msg>
<status status="FAIL" starttime="20200207 15:25:15.917" endtime="20200207 15:25:15.917">No keyword with name 'Close Browser' found.</status>
</kw>
<status status="FAIL" starttime="20200207 15:25:15.914" endtime="20200207 15:25:15.917" critical="yes">No keyword with name 'Open Browser' found.

Also teardown failed:
No keyword with name 'Close Browser' found.</status>
</test>
<test id="s1-t2" name="Search For Dicaprio">
<kw name="Search Wikipedia" library="resource">
<arguments>
<arg>Leonardo Dicaprio</arg>
</arguments>
<kw name="Open Browser">
<arguments>
<arg>${WIKIPEDIA}/wiki/${SEARCH}</arg>
<arg>${BROWSER}</arg>
</arguments>
<msg timestamp="20200207 15:25:15.918" level="FAIL">No keyword with name 'Open Browser' found.</msg>
<status status="FAIL" starttime="20200207 15:25:15.918" endtime="20200207 15:25:15.918"></status>
</kw>
<status status="FAIL" starttime="20200207 15:25:15.917" endtime="20200207 15:25:15.919"></status>
</kw>
<kw name="Close Browser" type="teardown">
<msg timestamp="20200207 15:25:15.920" level="FAIL">No keyword with name 'Close Browser' found.</msg>
<status status="FAIL" starttime="20200207 15:25:15.920" endtime="20200207 15:25:15.920">No keyword with name 'Close Browser' found.</status>
</kw>
<status status="FAIL" starttime="20200207 15:25:15.917" endtime="20200207 15:25:15.920" critical="yes">No keyword with name 'Open Browser' found.

Also teardown failed:
No keyword with name 'Close Browser' found.</status>
</test>
<doc>RoboBoy goes to wikipedia and retrieves information</doc>
<status status="FAIL" starttime="20200207 15:25:15.895" endtime="20200207 15:25:15.920"></status>
</suite>
<statistics>
<total>
<stat pass="0" fail="2">Critical Tasks</stat>
<stat pass="0" fail="2">All Tasks</stat>
</total>
<tag>
</tag>
<suite>
<stat pass="0" fail="2" id="s1" name="RoboTask">RoboTask</stat>
</suite>
</statistics>
<errors>
<msg timestamp="20200207 15:25:15.914" level="ERROR">Error in file '/home/tmjterho/Documents/Kurssit/roboproject/robotest2/resource.robot': Importing test library 'SeleniumLibrary' failed: ModuleNotFoundError: No module named 'SeleniumLibrary'
Traceback (most recent call last):
  None
PYTHONPATH:
  /home/tmjterho/anaconda3/bin
  /home/tmjterho/anaconda3/lib/python37.zip
  /home/tmjterho/anaconda3/lib/python3.7
  /home/tmjterho/anaconda3/lib/python3.7/lib-dynload
  /home/tmjterho/anaconda3/lib/python3.7/site-packages</msg>
</errors>
</robot>
